[debug] [2023-09-21T15:42:20.415Z] ----------------------------------------------------------------------
[debug] [2023-09-21T15:42:20.417Z] Command:       C:\Program Files\nodejs\node.exe C:\Users\Fabrizio\AppData\Roaming\npm\node_modules\firebase-tools\lib\bin\firebase.js serve
[debug] [2023-09-21T15:42:20.418Z] CLI Version:   12.5.4
[debug] [2023-09-21T15:42:20.418Z] Platform:      win32
[debug] [2023-09-21T15:42:20.418Z] Node Version:  v20.5.0
[debug] [2023-09-21T15:42:20.418Z] Time:          Thu Sep 21 2023 12:42:20 GMT-0300 (hora estándar de Argentina)
[debug] [2023-09-21T15:42:20.418Z] ----------------------------------------------------------------------
[debug] 
[debug] [2023-09-21T15:42:20.532Z] > command requires scopes: ["email","openid","https://www.googleapis.com/auth/cloudplatformprojects.readonly","https://www.googleapis.com/auth/firebase","https://www.googleapis.com/auth/cloud-platform"]
[debug] [2023-09-21T15:42:20.532Z] > authorizing via signed-in user (fabriguaglia72@gmail.com)
[debug] [2023-09-21T15:42:20.532Z] [iam] checking project sembraverdegt for permissions ["firebase.projects.get"]
[debug] [2023-09-21T15:42:20.535Z] >>> [apiv2][query] POST https://cloudresourcemanager.googleapis.com/v1/projects/sembraverdegt:testIamPermissions [none]
[debug] [2023-09-21T15:42:20.535Z] >>> [apiv2][(partial)header] POST https://cloudresourcemanager.googleapis.com/v1/projects/sembraverdegt:testIamPermissions x-goog-quota-user=projects/sembraverdegt
[debug] [2023-09-21T15:42:20.535Z] >>> [apiv2][body] POST https://cloudresourcemanager.googleapis.com/v1/projects/sembraverdegt:testIamPermissions {"permissions":["firebase.projects.get"]}
[debug] [2023-09-21T15:42:21.549Z] <<< [apiv2][status] POST https://cloudresourcemanager.googleapis.com/v1/projects/sembraverdegt:testIamPermissions 200
[debug] [2023-09-21T15:42:21.550Z] <<< [apiv2][body] POST https://cloudresourcemanager.googleapis.com/v1/projects/sembraverdegt:testIamPermissions {"permissions":["firebase.projects.get"]}
[debug] [2023-09-21T15:42:21.550Z] >>> [apiv2][query] GET https://firebase.googleapis.com/v1beta1/projects/sembraverdegt [none]
[debug] [2023-09-21T15:42:21.907Z] <<< [apiv2][status] GET https://firebase.googleapis.com/v1beta1/projects/sembraverdegt 200
[debug] [2023-09-21T15:42:21.907Z] <<< [apiv2][body] GET https://firebase.googleapis.com/v1beta1/projects/sembraverdegt {"projectId":"sembraverdegt","projectNumber":"796093782749","displayName":"sembraverdedatabase","name":"projects/sembraverdegt","resources":{"hostingSite":"sembraverdegt","realtimeDatabaseInstance":"sembraverdegt-default-rtdb","storageBucket":"sembraverdegt.appspot.com","locationId":"us-central"},"state":"ACTIVE","etag":"1_cf04b18e-a3ee-4a84-bf15-db7e686d593b"}
[info] 
[info] === Serving from 'C:\Users\Fabrizio\Desktop\Sembraverde final ver\sembraverde'...
[info] 
[debug] [2023-09-21T15:42:21.915Z] defaultcredentials: writing to file C:\Users\Fabrizio\AppData\Roaming\firebase\fabriguaglia72_gmail_com_application_default_credentials.json
[debug] [2023-09-21T15:42:21.915Z] >>> [apiv2][query] GET https://firebasehosting.googleapis.com/v1beta1/projects/sembraverdegt/sites 
[debug] [2023-09-21T15:42:21.919Z] Setting GAC to C:\Users\Fabrizio\AppData\Roaming\firebase\fabriguaglia72_gmail_com_application_default_credentials.json {"metadata":{"emulator":{"name":"functions"},"message":"Setting GAC to C:\\Users\\Fabrizio\\AppData\\Roaming\\firebase\\fabriguaglia72_gmail_com_application_default_credentials.json"}}
[debug] [2023-09-21T15:42:21.919Z] >>> [apiv2][query] GET https://firebase.googleapis.com/v1beta1/projects/sembraverdegt/adminSdkConfig [none]
[debug] [2023-09-21T15:42:22.257Z] <<< [apiv2][status] GET https://firebase.googleapis.com/v1beta1/projects/sembraverdegt/adminSdkConfig 200
[debug] [2023-09-21T15:42:22.257Z] <<< [apiv2][body] GET https://firebase.googleapis.com/v1beta1/projects/sembraverdegt/adminSdkConfig {"projectId":"sembraverdegt","databaseURL":"https://sembraverdegt-default-rtdb.firebaseio.com","storageBucket":"sembraverdegt.appspot.com","locationId":"us-central"}
[debug] [2023-09-21T15:42:23.165Z] <<< [apiv2][status] GET https://firebasehosting.googleapis.com/v1beta1/projects/sembraverdegt/sites 200
[debug] [2023-09-21T15:42:23.165Z] <<< [apiv2][body] GET https://firebasehosting.googleapis.com/v1beta1/projects/sembraverdegt/sites {"sites":[{"name":"projects/sembraverdegt/sites/sembraverdegt","defaultUrl":"https://sembraverdegt.web.app","appId":"1:796093782749:web:8e5a9174818897e6095934","type":"DEFAULT_SITE"}]}
[debug] [2023-09-21T15:42:23.165Z] >>> [apiv2][query] GET https://firebase.googleapis.com/v1beta1/projects/sembraverdegt/webApps/1:796093782749:web:8e5a9174818897e6095934/config [none]
[debug] [2023-09-21T15:42:23.909Z] <<< [apiv2][status] GET https://firebase.googleapis.com/v1beta1/projects/sembraverdegt/webApps/1:796093782749:web:8e5a9174818897e6095934/config 200
[debug] [2023-09-21T15:42:23.909Z] <<< [apiv2][body] GET https://firebase.googleapis.com/v1beta1/projects/sembraverdegt/webApps/1:796093782749:web:8e5a9174818897e6095934/config {"projectId":"sembraverdegt","appId":"1:796093782749:web:8e5a9174818897e6095934","databaseURL":"https://sembraverdegt-default-rtdb.firebaseio.com","storageBucket":"sembraverdegt.appspot.com","locationId":"us-central","apiKey":"AIzaSyCRZK2X2fkXER19QTy4ZKdS51sR0gjQTQ8","authDomain":"sembraverdegt.firebaseapp.com","messagingSenderId":"796093782749"}
[debug] [2023-09-21T15:42:23.914Z] >>> [apiv2][query] GET https://firebase.googleapis.com/v1beta1/projects/sembraverdegt [none]
[debug] [2023-09-21T15:42:24.243Z] <<< [apiv2][status] GET https://firebase.googleapis.com/v1beta1/projects/sembraverdegt 200
[debug] [2023-09-21T15:42:24.243Z] <<< [apiv2][body] GET https://firebase.googleapis.com/v1beta1/projects/sembraverdegt {"projectId":"sembraverdegt","projectNumber":"796093782749","displayName":"sembraverdedatabase","name":"projects/sembraverdegt","resources":{"hostingSite":"sembraverdegt","realtimeDatabaseInstance":"sembraverdegt-default-rtdb","storageBucket":"sembraverdegt.appspot.com","locationId":"us-central"},"state":"ACTIVE","etag":"1_cf04b18e-a3ee-4a84-bf15-db7e686d593b"}
[info] i  functions: Watching "C:\Users\Fabrizio\Desktop\Sembraverde final ver\sembraverde\functions" for Cloud Functions... {"metadata":{"emulator":{"name":"functions"},"message":"Watching \"C:\\Users\\Fabrizio\\Desktop\\Sembraverde final ver\\sembraverde\\functions\" for Cloud Functions..."}}
[info] i  hosting[sembraverdegt]: Serving hosting files from: public {"metadata":{"emulator":{"name":"hosting"},"message":"Serving hosting files from: \u001b[1mpublic\u001b[22m"}}
[info] +  hosting[sembraverdegt]: Local server: http://localhost:5000 {"metadata":{"emulator":{"name":"hosting"},"message":"Local server: \u001b[4m\u001b[1mhttp://localhost:5000\u001b[22m\u001b[24m"}}
[debug] [2023-09-21T15:42:24.273Z] Validating nodejs source
[debug] [2023-09-21T15:42:26.688Z] > [functions] package.json contents: {
  "name": "functions",
  "description": "Cloud Functions for Firebase",
  "scripts": {
    "lint": "eslint .",
    "serve": "firebase emulators:start --only functions",
    "shell": "firebase functions:shell",
    "start": "npm run shell",
    "deploy": "firebase deploy --only functions",
    "logs": "firebase functions:log"
  },
  "engines": {
    "node": "18"
  },
  "main": "index.js",
  "dependencies": {
    "firebase-admin": "^11.8.0",
    "firebase-functions": "^4.3.1"
  },
  "devDependencies": {
    "eslint": "^8.15.0",
    "eslint-config-google": "^0.14.0",
    "firebase-functions-test": "^3.1.0"
  },
  "private": true
}
[debug] [2023-09-21T15:42:26.688Z] Building nodejs source
[debug] [2023-09-21T15:42:26.688Z] Failed to find version of module node: reached end of search path C:\Users\Fabrizio\Desktop\Sembraverde final ver\sembraverde\functions\node_modules
[warn] !  functions: Your requested "node" version "18" doesn't match your global version "20". Using node@20 from host. 
[debug] [2023-09-21T15:42:26.691Z] Could not find functions.yaml. Must use http discovery
[debug] [2023-09-21T15:42:26.700Z] Found firebase-functions binary at 'C:\Users\Fabrizio\Desktop\Sembraverde final ver\sembraverde\functions\node_modules\.bin\firebase-functions'
[info] Serving at port 8367

[debug] [2023-09-21T15:42:27.941Z] Got response from /__/functions.yaml {"endpoints":{},"specVersion":"v1alpha1","requiredAPIs":[]}
[info] shutdown requested via /__/quitquitquit

[info] +  functions: Loaded functions definitions from source: . {"metadata":{"emulator":{"name":"functions"},"message":"Loaded functions definitions from source: ."}}
